<?xml version="1.0" encoding="UTF-8"?>
<!-- Generated by org.testng.reporters.JUnitXMLReporter -->
<testsuite ignored="0" hostname="HDSOFT" failures="0" tests="11" name="Super Admin Actions" time="385.416" errors="0" timestamp="2025-03-19T11:19:08 IST">
  <testcase classname="societyApp.tests.SUPERADMINACTIONS" name="executeStartTest" time="59.238"/>
  <testcase classname="societyApp.tests.SUPERADMINACTIONS" name="updateAllSubscriptionsTest" time="21.279"/>
  <testcase classname="societyApp.tests.SUPERADMINACTIONS" name="saveDraftSubscriptionsTest" time="53.052"/>
  <testcase classname="societyApp.tests.SUPERADMINACTIONS" name="createCouponsTest" time="47.413"/>
  <testcase classname="societyApp.tests.SUPERADMINACTIONS" name="editDraftCouponsTest" time="32.149"/>
  <testcase classname="societyApp.tests.SUPERADMINACTIONS" name="deleteAllDraftsTest" time="17.997"/>
  <testcase classname="societyApp.tests.SUPERADMINACTIONS" name="deleteAllCouponsTest" time="17.688"/>
  <testcase classname="societyApp.tests.SUPERADMINACTIONS" name="deleteAllSubscriptionsTest" time="17.279"/>
  <testcase classname="societyApp.tests.SUPERADMINACTIONS" name="changeBankDetailsTest" time="15.528"/>
  <testcase classname="societyApp.tests.SUPERADMINACTIONS" name="executeAllLandingCardTests" time="103.718"/>
  <testcase classname="societyApp.tests.SUPERADMINACTIONS" name="superAdminActionsCompleted" time="0.001"/>
</testsuite> <!-- Super Admin Actions -->
