<?xml version="1.0" encoding="UTF-8"?>
<!-- Generated by org.testng.reporters.JUnitXMLReporter -->
<testsuite ignored="0" hostname="HDSOFT" failures="0" tests="6" name="User Actions" time="166.675" errors="0" timestamp="2025-03-19T11:29:49 IST">
  <testcase classname="societyApp.tests.USERACTIONS" name="executeUserProfileTests" time="35.96"/>
  <testcase classname="societyApp.tests.USERACTIONS" name="executeUserMembersTests" time="23.486"/>
  <testcase classname="societyApp.tests.USERACTIONS" name="executeUserCommitteeTests" time="32.777"/>
  <testcase classname="societyApp.tests.USERACTIONS" name="executeUserEventsTests" time="24.405"/>
  <testcase classname="societyApp.tests.USERACTIONS" name="executeUserChargesTests" time="28.208"/>
  <testcase classname="societyApp.tests.USERACTIONS" name="executeUserChatTests" time="21.797"/>
</testsuite> <!-- User Actions -->
