<?xml version="1.0" encoding="UTF-8"?>
<!-- Generated by org.testng.reporters.JUnitXMLReporter -->
<testsuite ignored="0" hostname="HDSOFT" failures="0" tests="6" name="Default test" time="227.437" errors="0" timestamp="2025-04-14T00:13:50 IST">
  <testcase classname="societyApp.tests.USERACTIONS" name="executeUserProfileTests" time="45.801"/>
  <testcase classname="societyApp.tests.USERACTIONS" name="executeUserMembersTests" time="27.876"/>
  <testcase classname="societyApp.tests.USERACTIONS" name="executeUserCommitteeTests" time="44.41"/>
  <testcase classname="societyApp.tests.USERACTIONS" name="executeUserEventsTests" time="36.584"/>
  <testcase classname="societyApp.tests.USERACTIONS" name="executeUserChargesTests" time="44.371"/>
  <testcase classname="societyApp.tests.USERACTIONS" name="executeUserChatTests" time="28.299"/>
</testsuite> <!-- Default test -->
