<?xml version="1.0" encoding="UTF-8"?>
<testng-results ignored="0" total="6" passed="6" failed="0" skipped="0">
  <reporter-output>
  </reporter-output>
  <suite started-at="2025-04-14T00:10:02 IST" name="Default suite" finished-at="2025-04-14T00:13:50 IST" duration-ms="227437">
    <groups>
    </groups>
    <test started-at="2025-04-14T00:10:02 IST" name="Default test" finished-at="2025-04-14T00:13:50 IST" duration-ms="227437">
      <class name="societyApp.tests.USERACTIONS">
        <test-method is-config="true" signature="setup()[pri:0, instance:societyApp.tests.USERACTIONS@1bb5a082]" started-at="2025-04-14T00:10:02 IST" name="setup" finished-at="2025-04-14T00:10:02 IST" duration-ms="22" status="PASS">
          <reporter-output>
          </reporter-output>
        </test-method> <!-- setup -->
        <test-method signature="executeUserProfileTests()[pri:1, instance:societyApp.tests.USERACTIONS@1bb5a082]" started-at="2025-04-14T00:10:02 IST" name="executeUserProfileTests" finished-at="2025-04-14T00:10:48 IST" duration-ms="45801" status="PASS">
          <reporter-output>
          </reporter-output>
        </test-method> <!-- executeUserProfileTests -->
        <test-method signature="executeUserMembersTests()[pri:2, instance:societyApp.tests.USERACTIONS@1bb5a082]" started-at="2025-04-14T00:10:48 IST" name="executeUserMembersTests" finished-at="2025-04-14T00:11:16 IST" duration-ms="27876" status="PASS">
          <reporter-output>
          </reporter-output>
        </test-method> <!-- executeUserMembersTests -->
        <test-method signature="executeUserCommitteeTests()[pri:3, instance:societyApp.tests.USERACTIONS@1bb5a082]" started-at="2025-04-14T00:11:16 IST" name="executeUserCommitteeTests" finished-at="2025-04-14T00:12:01 IST" duration-ms="44410" status="PASS">
          <reporter-output>
          </reporter-output>
        </test-method> <!-- executeUserCommitteeTests -->
        <test-method signature="executeUserEventsTests()[pri:4, instance:societyApp.tests.USERACTIONS@1bb5a082]" started-at="2025-04-14T00:12:01 IST" name="executeUserEventsTests" finished-at="2025-04-14T00:12:37 IST" duration-ms="36584" status="PASS">
          <reporter-output>
          </reporter-output>
        </test-method> <!-- executeUserEventsTests -->
        <test-method signature="executeUserChargesTests()[pri:5, instance:societyApp.tests.USERACTIONS@1bb5a082]" started-at="2025-04-14T00:12:37 IST" name="executeUserChargesTests" finished-at="2025-04-14T00:13:21 IST" duration-ms="44371" status="PASS">
          <reporter-output>
          </reporter-output>
        </test-method> <!-- executeUserChargesTests -->
        <test-method signature="executeUserChatTests()[pri:6, instance:societyApp.tests.USERACTIONS@1bb5a082]" started-at="2025-04-14T00:13:21 IST" name="executeUserChatTests" finished-at="2025-04-14T00:13:50 IST" duration-ms="28299" status="PASS">
          <reporter-output>
          </reporter-output>
        </test-method> <!-- executeUserChatTests -->
      </class> <!-- societyApp.tests.USERACTIONS -->
    </test> <!-- Default test -->
  </suite> <!-- Default suite -->
</testng-results>
